[LOG] System::create                           : Header version = 1.10.08. Current version = 1.10.08.
[LOG] SystemI::setOutputInternal               : Setting output to 'FMOD Core Audio Output'
[LOG] Manager::init                            : maxchannels = 1024 studioflags = 00000009 flags 00000000 extradriverdata 0x0.
[LOG] SystemI::init                            : Initialize version=11008 (96768), maxchannels=1024, flags=0x00030000
[LOG] OutputCoreAudio::enumerate               : Enumerating...
[LOG] OutputCoreAudio::enumerate               : Found output driver: "Built-in Output".
[LOG] OutputCoreAudio::enumerate               : Done.
[LOG] OutputCoreAudio::init                    : Output running 2 channels at 44100Hz sample rate.
[LOG] OutputCoreAudio::init                    : Maximum hardware read size: 1024 samples, Software buffer size: 512 samples, Number of software buffers: 4.
[WRN] SystemI::init                            : Output requires a sample rate of 44100Hz, resampling will occur.
[LOG] Thread::initThread                       : Init FMOD stream thread. Priority: 2, Stack Size: 65536, Semaphore: No, Sleep Time: 10, Looping: Yes.
[LOG] SystemI::DSPCodecPoolRegister            : register codec pool for pool type 5
[LOG] Thread::initThread                       : Init FMOD mixer thread. Priority: 3, Stack Size: 49152, Semaphore: Yes, Sleep Time: 0, Looping: Yes.
[LOG] AsyncManager::init                       : manager 0x110d4be08 isAsync 1 updatePeriod 0.02
[LOG] Thread::initThread                       : Init FMOD Studio update thread. Priority: 0, Stack Size: 65536, Semaphore: No, Sleep Time: 1, Looping: No.
[LOG] AsyncManager::init                       : done
[LOG] PlaybackSystem::init                     : 
[LOG] Thread::initThread                       : Init FMOD Studio sample load thread. Priority: 0, Stack Size: 65536, Semaphore: No, Sleep Time: 1, Looping: No.
[LOG] PlaybackSystem::init                     : done
[LOG] LiveUpdate::init                         : 
[LOG] Thread::initThread                       : Init FMOD Studio bank load thread. Priority: 0, Stack Size: 65536, Semaphore: No, Sleep Time: 1, Looping: No.
[LOG] Manager::init                            : done.
[LOG] Profile::init                            : Profiler listening on port: 9264
[LOG] Manager::readBank                        : fileversion = 100, compatVersion = 99 (oldest = 44, newest = 100)
[LOG] Manager::readBank                        : fileversion = 100, compatVersion = 99 (oldest = 44, newest = 100)
[LOG] PlaybackSystem::acquireMasterBus         : Setting master channel group format to 6
[LOG] Manager::readBank                        : fileversion = 100, compatVersion = 99 (oldest = 44, newest = 100)
[LOG] Manager::readBank                        : fileversion = 100, compatVersion = 99 (oldest = 44, newest = 100)
[LOG] Manager::readBank                        : fileversion = 100, compatVersion = 99 (oldest = 44, newest = 100)
[LOG] Manager::readBank                        : fileversion = 100, compatVersion = 99 (oldest = 44, newest = 100)
[LOG] SystemI::createSoundInternal             : Create name='', mode=0x02000202
[LOG] SystemI::createSoundInternal             : exinfo->cbsize             = 232
[LOG] SystemI::createSoundInternal             : exinfo->length             = 30478912
[LOG] SystemI::createSoundInternal             : exinfo->fileoffset         = 64128
[LOG] SystemI::createSoundInternal             : exinfo->numsubsounds       = 1
[LOG] SystemI::createSoundInternal             : exinfo->inclusionlist      = 0x70000bbf37bc
[LOG] SystemI::createSoundInternal             : exinfo->inclusionlistnum   = 1
[LOG] SystemI::createSoundInternal             : exinfo->suggestedsoundtype = 5
[LOG] SystemI::createSoundInternal             : exinfo->useropen           = 0x14fa05f9f
[LOG] SystemI::createSoundInternal             : exinfo->userclose          = 0x14fa0605b
[LOG] SystemI::createSoundInternal             : exinfo->userread           = 0x14fa0608b
[LOG] SystemI::createSoundInternal             : exinfo->userseek           = 0x14fa06128
[LOG] SystemI::createSoundInternal             : exinfo->fileuserdata       = 0x150fdad38
[LOG] SystemI::createSoundInternal             : exinfo->initialseekpostype = 1
[LOG] SystemI::DSPCodecPoolRegister            : register codec pool for pool type 5
[LOG] SystemI::createSoundInternal             : Sample 0/1: name='Ambition - Betrayal Tension - MIP1 - 2', format=2, channels=2, frequency=48000, lengthbytes=51360, lengthpcm=278710, pcmblocksize=0, loopstart=0, loopend=0, mode=0x00000000, channelmask=0x00000000, channelorder=0, peakvolume=0.280096.
[LOG] SystemI::createSoundInternal             : Create name='', mode=0x02000202
[LOG] SystemI::createSoundInternal             : exinfo->cbsize             = 232
[LOG] SystemI::createSoundInternal             : exinfo->length             = 30478912
[LOG] SystemI::createSoundInternal             : exinfo->fileoffset         = 64128
[LOG] SystemI::createSoundInternal             : exinfo->numsubsounds       = 1
[LOG] SystemI::createSoundInternal             : exinfo->inclusionlist      = 0x70000bbf37bc
[LOG] SystemI::createSoundInternal             : exinfo->inclusionlistnum   = 1
[LOG] SystemI::createSoundInternal             : exinfo->suggestedsoundtype = 5
[LOG] SystemI::createSoundInternal             : exinfo->useropen           = 0x14fa05f9f
[LOG] SystemI::createSoundInternal             : exinfo->userclose          = 0x14fa0605b
[LOG] SystemI::createSoundInternal             : exinfo->userread           = 0x14fa0608b
[LOG] SystemI::createSoundInternal             : exinfo->userseek           = 0x14fa06128
[LOG] SystemI::createSoundInternal             : exinfo->fileuserdata       = 0x150fdad38
[LOG] SystemI::createSoundInternal             : exinfo->initialseekpostype = 1
[LOG] SystemI::DSPCodecPoolRegister            : register codec pool for pool type 5
[LOG] SystemI::createSoundInternal             : Sample 0/1: name='Ambition - Betrayal Tension - MIP1 - 4', format=2, channels=2, frequency=48000, lengthbytes=56800, lengthpcm=278710, pcmblocksize=0, loopstart=0, loopend=0, mode=0x00000000, channelmask=0x00000000, channelorder=0, peakvolume=0.423070.
[LOG] SystemI::createSoundInternal             : Create name='', mode=0x02000202
[LOG] SystemI::createSoundInternal             : exinfo->cbsize             = 232
[LOG] SystemI::createSoundInternal             : exinfo->length             = 30478912
[LOG] SystemI::createSoundInternal             : exinfo->fileoffset         = 64128
[LOG] SystemI::createSoundInternal             : exinfo->numsubsounds       = 1
[LOG] SystemI::createSoundInternal             : exinfo->inclusionlist      = 0x70000bbf37bc
[LOG] SystemI::createSoundInternal             : exinfo->inclusionlistnum   = 1
[LOG] SystemI::createSoundInternal             : exinfo->suggestedsoundtype = 5
[LOG] SystemI::createSoundInternal             : exinfo->useropen           = 0x14fa05f9f
[LOG] SystemI::createSoundInternal             : exinfo->userclose          = 0x14fa0605b
[LOG] SystemI::createSoundInternal             : exinfo->userread           = 0x14fa0608b
[LOG] SystemI::createSoundInternal             : exinfo->userseek           = 0x14fa06128
[LOG] SystemI::createSoundInternal             : exinfo->fileuserdata       = 0x150fdad38
[LOG] SystemI::createSoundInternal             : exinfo->initialseekpostype = 1
[LOG] SystemI::DSPCodecPoolRegister            : register codec pool for pool type 5
[LOG] SystemI::createSoundInternal             : Sample 0/1: name='Ambition - Betrayal Tension - MIP1 - 4L', format=2, channels=2, frequency=48000, lengthbytes=44000, lengthpcm=232258, pcmblocksize=0, loopstart=0, loopend=0, mode=0x00000000, channelmask=0x00000000, channelorder=0, peakvolume=0.402845.
[LOG] SystemI::createSoundInternal             : Create name='', mode=0x02000202
[LOG] SystemI::createSoundInternal             : exinfo->cbsize             = 232
[LOG] SystemI::createSoundInternal             : exinfo->length             = 30478912
[LOG] SystemI::createSoundInternal             : exinfo->fileoffset         = 64128
[LOG] SystemI::createSoundInternal             : exinfo->numsubsounds       = 1
[LOG] SystemI::createSoundInternal             : exinfo->inclusionlist      = 0x70000bbf37bc
[LOG] SystemI::createSoundInternal             : exinfo->inclusionlistnum   = 1
[LOG] SystemI::createSoundInternal             : exinfo->suggestedsoundtype = 5
[LOG] SystemI::createSoundInternal             : exinfo->useropen           = 0x14fa05f9f
[LOG] SystemI::createSoundInternal             : exinfo->userclose          = 0x14fa0605b
[LOG] SystemI::createSoundInternal             : exinfo->userread           = 0x14fa0608b
[LOG] SystemI::createSoundInternal             : exinfo->userseek           = 0x14fa06128
[LOG] SystemI::createSoundInternal             : exinfo->fileuserdata       = 0x150fdad38
[LOG] SystemI::createSoundInternal             : exinfo->initialseekpostype = 1
[LOG] SystemI::DSPCodecPoolRegister            : register codec pool for pool type 5
[LOG] SystemI::createSoundInternal             : Sample 0/1: name='Ambition - Betrayal Tension - MIP1 - 1', format=2, channels=2, frequency=48000, lengthbytes=80480, lengthpcm=371613, pcmblocksize=0, loopstart=0, loopend=0, mode=0x00000000, channelmask=0x00000000, channelorder=0, peakvolume=0.220518.
[LOG] SystemI::createSoundInternal             : Create name='', mode=0x02000202
[LOG] SystemI::createSoundInternal             : exinfo->cbsize             = 232
[LOG] SystemI::createSoundInternal             : exinfo->length             = 30478912
[LOG] SystemI::createSoundInternal             : exinfo->fileoffset         = 64128
[LOG] SystemI::createSoundInternal             : exinfo->numsubsounds       = 1
[LOG] SystemI::createSoundInternal             : exinfo->inclusionlist      = 0x70000bbf37bc
[LOG] SystemI::createSoundInternal             : exinfo->inclusionlistnum   = 1
[LOG] SystemI::createSoundInternal             : exinfo->suggestedsoundtype = 5
[LOG] SystemI::createSoundInternal             : exinfo->useropen           = 0x14fa05f9f
[LOG] SystemI::createSoundInternal             : exinfo->userclose          = 0x14fa0605b
[LOG] SystemI::createSoundInternal             : exinfo->userread           = 0x14fa0608b
[LOG] SystemI::createSoundInternal             : exinfo->userseek           = 0x14fa06128
[LOG] SystemI::createSoundInternal             : exinfo->fileuserdata       = 0x150fdad38
[LOG] SystemI::createSoundInternal             : exinfo->initialseekpostype = 1
[LOG] SystemI::DSPCodecPoolRegister            : register codec pool for pool type 5
[LOG] SystemI::createSoundInternal             : Sample 0/1: name='Ambition - Bourgeoisie - Conversation A - MIP3 - END - WIN', format=2, channels=2, frequency=48000, lengthbytes=83744, lengthpcm=386520, pcmblocksize=0, loopstart=0, loopend=0, mode=0x00000000, channelmask=0x00000000, channelorder=0, peakvolume=0.425656.
[LOG] SystemI::createSoundInternal             : Create name='', mode=0x02000202
[LOG] SystemI::createSoundInternal             : exinfo->cbsize             = 232
[LOG] SystemI::createSoundInternal             : exinfo->length             = 30478912
[LOG] SystemI::createSoundInternal             : exinfo->fileoffset         = 64128
[LOG] SystemI::createSoundInternal             : exinfo->numsubsounds       = 1
[LOG] SystemI::createSoundInternal             : exinfo->inclusionlist      = 0x70000bbf37bc
[LOG] SystemI::createSoundInternal             : exinfo->inclusionlistnum   = 1
[LOG] SystemI::createSoundInternal             : exinfo->suggestedsoundtype = 5
[LOG] SystemI::createSoundInternal             : exinfo->useropen           = 0x14fa05f9f
[LOG] SystemI::createSoundInternal             : exinfo->userclose          = 0x14fa0605b
[LOG] SystemI::createSoundInternal             : exinfo->userread           = 0x14fa0608b
[LOG] SystemI::createSoundInternal             : exinfo->userseek           = 0x14fa06128
[LOG] SystemI::createSoundInternal             : exinfo->fileuserdata       = 0x150fdad38
[LOG] SystemI::createSoundInternal             : exinfo->initialseekpostype = 1
[LOG] SystemI::DSPCodecPoolRegister            : register codec pool for pool type 5
[LOG] SystemI::createSoundInternal             : Sample 0/1: name='Ambition - Revolutionary - Conversation B - Rev1 - MIP2 - END - WIN', format=2, channels=2, frequency=48000, lengthbytes=64800, lengthpcm=295403, pcmblocksize=0, loopstart=0, loopend=0, mode=0x00000000, channelmask=0x00000000, channelorder=0, peakvolume=0.635248.
[LOG] SystemI::createSoundInternal             : Create name='', mode=0x02000202
[LOG] SystemI::createSoundInternal             : exinfo->cbsize             = 232
[LOG] SystemI::createSoundInternal             : exinfo->length             = 30478912
[LOG] SystemI::createSoundInternal             : exinfo->fileoffset         = 64128
[LOG] SystemI::createSoundInternal             : exinfo->numsubsounds       = 1
[LOG] SystemI::createSoundInternal             : exinfo->inclusionlist      = 0x70000bbf37bc
[LOG] SystemI::createSoundInternal             : exinfo->inclusionlistnum   = 1
[LOG] SystemI::createSoundInternal             : exinfo->suggestedsoundtype = 5
[LOG] SystemI::createSoundInternal             : exinfo->useropen           = 0x14fa05f9f
[LOG] SystemI::createSoundInternal             : exinfo->userclose          = 0x14fa0605b
[LOG] SystemI::createSoundInternal             : exinfo->userread           = 0x14fa0608b
[LOG] SystemI::createSoundInternal             : exinfo->userseek           = 0x14fa06128
[LOG] SystemI::createSoundInternal             : exinfo->fileuserdata       = 0x150fdad38
[LOG] SystemI::createSoundInternal             : exinfo->initialseekpostype = 1
[LOG] SystemI::DSPCodecPoolRegister            : register codec pool for pool type 5
[LOG] SystemI::createSoundInternal             : Sample 0/1: name='Ambition - Church - Conversation A - MIP2 - Intro', format=2, channels=2, frequency=48000, lengthbytes=20160, lengthpcm=72000, pcmblocksize=0, loopstart=0, loopend=0, mode=0x00000000, channelmask=0x00000000, channelorder=0, peakvolume=0.236274.
[LOG] SystemI::createSoundInternal             : Create name='', mode=0x02000202
[LOG] SystemI::createSoundInternal             : exinfo->cbsize             = 232
[LOG] SystemI::createSoundInternal             : exinfo->length             = 30478912
[LOG] SystemI::createSoundInternal             : exinfo->fileoffset         = 64128
[LOG] SystemI::createSoundInternal             : exinfo->numsubsounds       = 1
[LOG] SystemI::createSoundInternal             : exinfo->inclusionlist      = 0x70000bbf37bc
[LOG] SystemI::createSoundInternal             : exinfo->inclusionlistnum   = 1
[LOG] SystemI::createSoundInternal             : exinfo->suggestedsoundtype = 5
[LOG] SystemI::createSoundInternal             : exinfo->useropen           = 0x14fa05f9f
[LOG] SystemI::createSoundInternal             : exinfo->userclose          = 0x14fa0605b
[LOG] SystemI::createSoundInternal             : exinfo->userread           = 0x14fa0608b
[LOG] SystemI::createSoundInternal             : exinfo->userseek           = 0x14fa06128
[LOG] SystemI::createSoundInternal             : exinfo->fileuserdata       = 0x150fdad38
[LOG] SystemI::createSoundInternal             : exinfo->initialseekpostype = 1
[LOG] SystemI::DSPCodecPoolRegister            : register codec pool for pool type 5
[LOG] SystemI::createSoundInternal             : Sample 0/1: name='Ambition - Revolutionary - MIP1 - Party Map - Intro', format=2, channels=2, frequency=48000, lengthbytes=54688, lengthpcm=216000, pcmblocksize=0, loopstart=0, loopend=0, mode=0x00000000, channelmask=0x00000000, channelorder=0, peakvolume=0.224082.
[LOG] SystemI::createSoundInternal             : Create name='', mode=0x02000202
[LOG] SystemI::createSoundInternal             : exinfo->cbsize             = 232
[LOG] SystemI::createSoundInternal             : exinfo->length             = 30478912
[LOG] SystemI::createSoundInternal             : exinfo->fileoffset         = 64128
[LOG] SystemI::createSoundInternal             : exinfo->numsubsounds       = 1
[LOG] SystemI::createSoundInternal             : exinfo->inclusionlist      = 0x70000bbf37bc
[LOG] SystemI::createSoundInternal             : exinfo->inclusionlistnum   = 1
[LOG] SystemI::createSoundInternal             : exinfo->suggestedsoundtype = 5
[LOG] SystemI::createSoundInternal             : exinfo->useropen           = 0x14fa05f9f
[LOG] SystemI::createSoundInternal             : exinfo->userclose          = 0x14fa0605b
[LOG] SystemI::createSoundInternal             : exinfo->userread           = 0x14fa0608b
[LOG] SystemI::createSoundInternal             : exinfo->userseek           = 0x14fa06128
[LOG] SystemI::createSoundInternal             : exinfo->fileuserdata       = 0x150fdad38
[LOG] SystemI::createSoundInternal             : exinfo->initialseekpostype = 1
[LOG] SystemI::DSPCodecPoolRegister            : register codec pool for pool type 5
[LOG] SystemI::createSoundInternal             : Sample 0/1: name='Ambition - Betrayal Tension - MIP1 - 5', format=2, channels=2, frequency=48000, lengthbytes=64864, lengthpcm=371613, pcmblocksize=0, loopstart=0, loopend=0, mode=0x00000000, channelmask=0x00000000, channelorder=0, peakvolume=0.350753.
[LOG] SystemI::createSoundInternal             : Create name='', mode=0x02000202
[LOG] SystemI::createSoundInternal             : exinfo->cbsize             = 232
[LOG] SystemI::createSoundInternal             : exinfo->length             = 30478912
[LOG] SystemI::createSoundInternal             : exinfo->fileoffset         = 64128
[LOG] SystemI::createSoundInternal             : exinfo->numsubsounds       = 1
[LOG] SystemI::createSoundInternal             : exinfo->inclusionlist      = 0x70000bbf37bc
[LOG] SystemI::createSoundInternal             : exinfo->inclusionlistnum   = 1
[LOG] SystemI::createSoundInternal             : exinfo->suggestedsoundtype = 5
[LOG] SystemI::createSoundInternal             : exinfo->useropen           = 0x14fa05f9f
[LOG] SystemI::createSoundInternal             : exinfo->userclose          = 0x14fa0605b
[LOG] SystemI::createSoundInternal             : exinfo->userread           = 0x14fa0608b
[LOG] SystemI::createSoundInternal             : exinfo->userseek           = 0x14fa06128
[LOG] SystemI::createSoundInternal             : exinfo->fileuserdata       = 0x150fdad38
[LOG] SystemI::createSoundInternal             : exinfo->initialseekpostype = 1
[LOG] SystemI::DSPCodecPoolRegister            : register codec pool for pool type 5
[LOG] SystemI::createSoundInternal             : Sample 0/1: name='Ambition - Bourgeoisie - Party Map - MIP1 - Intro', format=2, channels=2, frequency=48000, lengthbytes=32992, lengthpcm=118373, pcmblocksize=0, loopstart=0, loopend=0, mode=0x00000000, channelmask=0x00000000, channelorder=0, peakvolume=0.200400.
[LOG] SystemI::createSoundInternal             : Create name='', mode=0x02000202
[LOG] SystemI::createSoundInternal             : exinfo->cbsize             = 232
[LOG] SystemI::createSoundInternal             : exinfo->length             = 30478912
[LOG] SystemI::createSoundInternal             : exinfo->fileoffset         = 64128
[LOG] SystemI::createSoundInternal             : exinfo->numsubsounds       = 1
[LOG] SystemI::createSoundInternal             : exinfo->inclusionlist      = 0x70000bbf37bc
[LOG] SystemI::createSoundInternal             : exinfo->inclusionlistnum   = 1
[LOG] SystemI::createSoundInternal             : exinfo->suggestedsoundtype = 5
[LOG] SystemI::createSoundInternal             : exinfo->useropen           = 0x14fa05f9f
[LOG] SystemI::createSoundInternal             : exinfo->userclose          = 0x14fa0605b
[LOG] SystemI::createSoundInternal             : exinfo->userread           = 0x14fa0608b
[LOG] SystemI::createSoundInternal             : exinfo->userseek           = 0x14fa06128
[LOG] SystemI::createSoundInternal             : exinfo->fileuserdata       = 0x150fdad38
[LOG] SystemI::createSoundInternal             : exinfo->initialseekpostype = 1
[LOG] SystemI::DSPCodecPoolRegister            : register codec pool for pool type 5
[LOG] SystemI::createSoundInternal             : Sample 0/1: name='Ambition - Bourgeoisie - Conversation A - MIP3 - Intro', format=2, channels=2, frequency=48000, lengthbytes=77440, lengthpcm=297931, pcmblocksize=0, loopstart=0, loopend=0, mode=0x00000000, channelmask=0x00000000, channelorder=0, peakvolume=0.412404.
[LOG] SystemI::createSoundInternal             : Create name='', mode=0x02000202
[LOG] SystemI::createSoundInternal             : exinfo->cbsize             = 232
[LOG] SystemI::createSoundInternal             : exinfo->length             = 30478912
[LOG] SystemI::createSoundInternal             : exinfo->fileoffset         = 64128
[LOG] SystemI::createSoundInternal             : exinfo->numsubsounds       = 1
[LOG] SystemI::createSoundInternal             : exinfo->inclusionlist      = 0x70000bbf37bc
[LOG] SystemI::createSoundInternal             : exinfo->inclusionlistnum   = 1
[LOG] SystemI::createSoundInternal             : exinfo->suggestedsoundtype = 5
[LOG] SystemI::createSoundInternal             : exinfo->useropen           = 0x14fa05f9f
[LOG] SystemI::createSoundInternal             : exinfo->userclose          = 0x14fa0605b
[LOG] SystemI::createSoundInternal             : exinfo->userread           = 0x14fa0608b
[LOG] SystemI::createSoundInternal             : exinfo->userseek           = 0x14fa06128
[LOG] SystemI::createSoundInternal             : exinfo->fileuserdata       = 0x150fdad38
[LOG] SystemI::createSoundInternal             : exinfo->initialseekpostype = 1
[LOG] SystemI::DSPCodecPoolRegister            : register codec pool for pool type 5
[LOG] SystemI::createSoundInternal             : Sample 0/1: name='Ambition - Prologue Opening - MIP1 - 110bpm - Intro', format=2, channels=2, frequency=48000, lengthbytes=89024, lengthpcm=340353, pcmblocksize=0, loopstart=0, loopend=0, mode=0x00000000, channelmask=0x00000000, channelorder=0, peakvolume=0.454790.
[LOG] SystemI::createSoundInternal             : Create name='', mode=0x02000202
[LOG] SystemI::createSoundInternal             : exinfo->cbsize             = 232
[LOG] SystemI::createSoundInternal             : exinfo->length             = 30478912
[LOG] SystemI::createSoundInternal             : exinfo->fileoffset         = 64128
[LOG] SystemI::createSoundInternal             : exinfo->numsubsounds       = 1
[LOG] SystemI::createSoundInternal             : exinfo->inclusionlist      = 0x70000bbf37bc
[LOG] SystemI::createSoundInternal             : exinfo->inclusionlistnum   = 1
[LOG] SystemI::createSoundInternal             : exinfo->suggestedsoundtype = 5
[LOG] SystemI::createSoundInternal             : exinfo->useropen           = 0x14fa05f9f
[LOG] SystemI::createSoundInternal             : exinfo->userclose          = 0x14fa0605b
[LOG] SystemI::createSoundInternal             : exinfo->userread           = 0x14fa0608b
[LOG] SystemI::createSoundInternal             : exinfo->userseek           = 0x14fa06128
[LOG] SystemI::createSoundInternal             : exinfo->fileuserdata       = 0x150fdad38
[LOG] SystemI::createSoundInternal             : exinfo->initialseekpostype = 1
[LOG] SystemI::DSPCodecPoolRegister            : register codec pool for pool type 5
[LOG] SystemI::createSoundInternal             : Sample 0/1: name='Ambition - Betrayal Tension - MIP1 - 3', format=2, channels=2, frequency=48000, lengthbytes=51680, lengthpcm=278709, pcmblocksize=0, loopstart=0, loopend=0, mode=0x00000000, channelmask=0x00000000, channelorder=0, peakvolume=0.301681.
[LOG] SystemI::createSoundInternal             : Create name='', mode=0x02000202
[LOG] SystemI::createSoundInternal             : exinfo->cbsize             = 232
[LOG] SystemI::createSoundInternal             : exinfo->length             = 30478912
[LOG] SystemI::createSoundInternal             : exinfo->fileoffset         = 64128
[LOG] SystemI::createSoundInternal             : exinfo->numsubsounds       = 1
[LOG] SystemI::createSoundInternal             : exinfo->inclusionlist      = 0x70000bbf37bc
[LOG] SystemI::createSoundInternal             : exinfo->inclusionlistnum   = 1
[LOG] SystemI::createSoundInternal             : exinfo->suggestedsoundtype = 5
[LOG] SystemI::createSoundInternal             : exinfo->useropen           = 0x14fa05f9f
[LOG] SystemI::createSoundInternal             : exinfo->userclose          = 0x14fa0605b
[LOG] SystemI::createSoundInternal             : exinfo->userread           = 0x14fa0608b
[LOG] SystemI::createSoundInternal             : exinfo->userseek           = 0x14fa06128
[LOG] SystemI::createSoundInternal             : exinfo->fileuserdata       = 0x150fdad38
[LOG] SystemI::createSoundInternal             : exinfo->initialseekpostype = 1
[LOG] SystemI::DSPCodecPoolRegister            : register codec pool for pool type 5
[LOG] SystemI::createSoundInternal             : Sample 0/1: name='Ambition - The Orphan's Feast - Party Map - 76bpm - Intro', format=2, channels=2, frequency=48000, lengthbytes=45152, lengthpcm=189470, pcmblocksize=0, loopstart=0, loopend=0, mode=0x00000000, channelmask=0x00000000, channelorder=0, peakvolume=0.400417.
[LOG] SystemI::createSoundInternal             : Create name='', mode=0x02000202
[LOG] SystemI::createSoundInternal             : exinfo->cbsize             = 232
[LOG] SystemI::createSoundInternal             : exinfo->length             = 30478912
[LOG] SystemI::createSoundInternal             : exinfo->fileoffset         = 64128
[LOG] SystemI::createSoundInternal             : exinfo->numsubsounds       = 1
[LOG] SystemI::createSoundInternal             : exinfo->inclusionlist      = 0x70000bbf37bc
[LOG] SystemI::createSoundInternal             : exinfo->inclusionlistnum   = 1
[LOG] SystemI::createSoundInternal             : exinfo->suggestedsoundtype = 5
[LOG] SystemI::createSoundInternal             : exinfo->useropen           = 0x14fa05f9f
[LOG] SystemI::createSoundInternal             : exinfo->userclose          = 0x14fa0605b
[LOG] SystemI::createSoundInternal             : exinfo->userread           = 0x14fa0608b
[LOG] SystemI::createSoundInternal             : exinfo->userseek           = 0x14fa06128
[LOG] SystemI::createSoundInternal             : exinfo->fileuserdata       = 0x150fdad38
[LOG] SystemI::createSoundInternal             : exinfo->initialseekpostype = 1
[LOG] SystemI::DSPCodecPoolRegister            : register codec pool for pool type 5
[LOG] SystemI::createSoundInternal             : Sample 0/1: name='Ambition - Betrayal Tension - MIP1 - 5L', format=2, channels=2, frequency=48000, lengthbytes=36640, lengthpcm=232258, pcmblocksize=0, loopstart=0, loopend=0, mode=0x00000000, channelmask=0x00000000, channelorder=0, peakvolume=0.316811.
[LOG] SystemI::createSoundInternal             : Create name='', mode=0x02000202
[LOG] SystemI::createSoundInternal             : exinfo->cbsize             = 232
[LOG] SystemI::createSoundInternal             : exinfo->length             = 30478912
[LOG] SystemI::createSoundInternal             : exinfo->fileoffset         = 64128
[LOG] SystemI::createSoundInternal             : exinfo->numsubsounds       = 1
[LOG] SystemI::createSoundInternal             : exinfo->inclusionlist      = 0x70000bbf37bc
[LOG] SystemI::createSoundInternal             : exinfo->inclusionlistnum   = 1
[LOG] SystemI::createSoundInternal             : exinfo->suggestedsoundtype = 5
[LOG] SystemI::createSoundInternal             : exinfo->useropen           = 0x14fa05f9f
[LOG] SystemI::createSoundInternal             : exinfo->userclose          = 0x14fa0605b
[LOG] SystemI::createSoundInternal             : exinfo->userread           = 0x14fa0608b
[LOG] SystemI::createSoundInternal             : exinfo->userseek           = 0x14fa06128
[LOG] SystemI::createSoundInternal             : exinfo->fileuserdata       = 0x150fdad38
[LOG] SystemI::createSoundInternal             : exinfo->initialseekpostype = 1
[LOG] SystemI::DSPCodecPoolRegister            : register codec pool for pool type 5
[LOG] SystemI::createSoundInternal             : Sample 0/1: name='Ambition - Church - Party Map - MIP2 - Intro', format=2, channels=2, frequency=48000, lengthbytes=44992, lengthpcm=205712, pcmblocksize=0, loopstart=0, loopend=0, mode=0x00000000, channelmask=0x00000000, channelorder=0, peakvolume=0.154683.
[LOG] SystemI::createSoundInternal             : Create name='', mode=0x02000202
[LOG] SystemI::createSoundInternal             : exinfo->cbsize             = 232
[LOG] SystemI::createSoundInternal             : exinfo->length             = 30478912
[LOG] SystemI::createSoundInternal             : exinfo->fileoffset         = 64128
[LOG] SystemI::createSoundInternal             : exinfo->numsubsounds       = 1
[LOG] SystemI::createSoundInternal             : exinfo->inclusionlist      = 0x70000bbf37bc
[LOG] SystemI::createSoundInternal             : exinfo->inclusionlistnum   = 1
[LOG] SystemI::createSoundInternal             : exinfo->suggestedsoundtype = 5
[LOG] SystemI::createSoundInternal             : exinfo->useropen           = 0x14fa05f9f
[LOG] SystemI::createSoundInternal             : exinfo->userclose          = 0x14fa0605b
[LOG] SystemI::createSoundInternal             : exinfo->userread           = 0x14fa0608b
[LOG] SystemI::createSoundInternal             : exinfo->userseek           = 0x14fa06128
[LOG] SystemI::createSoundInternal             : exinfo->fileuserdata       = 0x150fdad38
[LOG] SystemI::createSoundInternal             : exinfo->initialseekpostype = 1
[LOG] SystemI::DSPCodecPoolRegister            : register codec pool for pool type 5
[LOG] SystemI::createSoundInternal             : Sample 0/1: name='Ambition - Paris Streets - Prologue - Intro', format=2, channels=2, frequency=48000, lengthbytes=80992, lengthpcm=341046, pcmblocksize=0, loopstart=0, loopend=0, mode=0x00000000, channelmask=0x00000000, channelorder=0, peakvolume=0.121514.
[LOG] SystemI::createSoundInternal             : Create name='', mode=0x02000202
[LOG] SystemI::createSoundInternal             : exinfo->cbsize             = 232
[LOG] SystemI::createSoundInternal             : exinfo->length             = 30478912
[LOG] SystemI::createSoundInternal             : exinfo->fileoffset         = 64128
[LOG] SystemI::createSoundInternal             : exinfo->numsubsounds       = 1
[LOG] SystemI::createSoundInternal             : exinfo->inclusionlist      = 0x70000bbf37bc
[LOG] SystemI::createSoundInternal             : exinfo->inclusionlistnum   = 1
[LOG] SystemI::createSoundInternal             : exinfo->suggestedsoundtype = 5
[LOG] SystemI::createSoundInternal             : exinfo->useropen           = 0x14fa05f9f
[LOG] SystemI::createSoundInternal             : exinfo->userclose          = 0x14fa0605b
[LOG] SystemI::createSoundInternal             : exinfo->userread           = 0x14fa0608b
[LOG] SystemI::createSoundInternal             : exinfo->userseek           = 0x14fa06128
[LOG] SystemI::createSoundInternal             : exinfo->fileuserdata       = 0x150fdad38
[LOG] SystemI::createSoundInternal             : exinfo->initialseekpostype = 1
[LOG] SystemI::DSPCodecPoolRegister            : register codec pool for pool type 5
[LOG] SystemI::createSoundInternal             : Sample 0/1: name='Ambition - Revolutionary - Conversation B - Rev1 - MIP2 - END - LOSE', format=2, channels=2, frequency=48000, lengthbytes=80224, lengthpcm=438078, pcmblocksize=0, loopstart=0, loopend=0, mode=0x00000000, channelmask=0x00000000, channelorder=0, peakvolume=0.643877.
[LOG] SystemI::createSoundInternal             : Create name='', mode=0x02000202
[LOG] SystemI::createSoundInternal             : exinfo->cbsize             = 232
[LOG] SystemI::createSoundInternal             : exinfo->length             = 30478912
[LOG] SystemI::createSoundInternal             : exinfo->fileoffset         = 64128
[LOG] SystemI::createSoundInternal             : exinfo->numsubsounds       = 1
[LOG] SystemI::createSoundInternal             : exinfo->inclusionlist      = 0x70000bbf37bc
[LOG] SystemI::createSoundInternal             : exinfo->inclusionlistnum   = 1
[LOG] SystemI::createSoundInternal             : exinfo->suggestedsoundtype = 5
[LOG] SystemI::createSoundInternal             : exinfo->useropen           = 0x14fa05f9f
[LOG] SystemI::createSoundInternal             : exinfo->userclose          = 0x14fa0605b
[LOG] SystemI::createSoundInternal             : exinfo->userread           = 0x14fa0608b
[LOG] SystemI::createSoundInternal             : exinfo->userseek           = 0x14fa06128
[LOG] SystemI::createSoundInternal             : exinfo->fileuserdata       = 0x150fdad38
[LOG] SystemI::createSoundInternal             : exinfo->initialseekpostype = 1
[LOG] SystemI::DSPCodecPoolRegister            : register codec pool for pool type 5
[LOG] SystemI::createSoundInternal             : Sample 0/1: name='Ambition - Betrayal Tension - MIP1 - 3L', format=2, channels=2, frequency=48000, lengthbytes=36800, lengthpcm=232258, pcmblocksize=0, loopstart=0, loopend=0, mode=0x00000000, channelmask=0x00000000, channelorder=0, peakvolume=0.290837.
[LOG] SystemI::createSoundInternal             : Create name='', mode=0x02000202
[LOG] SystemI::createSoundInternal             : exinfo->cbsize             = 232
[LOG] SystemI::createSoundInternal             : exinfo->length             = 30478912
[LOG] SystemI::createSoundInternal             : exinfo->fileoffset         = 64128
[LOG] SystemI::createSoundInternal             : exinfo->numsubsounds       = 1
[LOG] SystemI::createSoundInternal             : exinfo->inclusionlist      = 0x70000bbf37bc
[LOG] SystemI::createSoundInternal             : exinfo->inclusionlistnum   = 1
[LOG] SystemI::createSoundInternal             : exinfo->suggestedsoundtype = 5
[LOG] SystemI::createSoundInternal             : exinfo->useropen           = 0x14fa05f9f
[LOG] SystemI::createSoundInternal             : exinfo->userclose          = 0x14fa0605b
[LOG] SystemI::createSoundInternal             : exinfo->userread           = 0x14fa0608b
[LOG] SystemI::createSoundInternal             : exinfo->userseek           = 0x14fa06128
[LOG] SystemI::createSoundInternal             : exinfo->fileuserdata       = 0x150fdad38
[LOG] SystemI::createSoundInternal             : exinfo->initialseekpostype = 1
[LOG] SystemI::DSPCodecPoolRegister            : register codec pool for pool type 5
[LOG] SystemI::createSoundInternal             : Sample 0/1: name='Ambition - Revolutionary - Conversation B - Rev1 - MIP2 - Intro', format=2, channels=2, frequency=48000, lengthbytes=35840, lengthpcm=136421, pcmblocksize=0, loopstart=0, loopend=0, mode=0x00000000, channelmask=0x00000000, channelorder=0, peakvolume=0.381183.
[LOG] SystemI::createSoundInternal             : Create name='', mode=0x02000202
[LOG] SystemI::createSoundInternal             : exinfo->cbsize             = 232
[LOG] SystemI::createSoundInternal             : exinfo->length             = 30478912
[LOG] SystemI::createSoundInternal             : exinfo->fileoffset         = 64128
[LOG] SystemI::createSoundInternal             : exinfo->numsubsounds       = 1
[LOG] SystemI::createSoundInternal             : exinfo->inclusionlist      = 0x70000bbf37bc
[LOG] SystemI::createSoundInternal             : exinfo->inclusionlistnum   = 1
[LOG] SystemI::createSoundInternal             : exinfo->suggestedsoundtype = 5
[LOG] SystemI::createSoundInternal             : exinfo->useropen           = 0x14fa05f9f
[LOG] SystemI::createSoundInternal             : exinfo->userclose          = 0x14fa0605b
[LOG] SystemI::createSoundInternal             : exinfo->userread           = 0x14fa0608b
[LOG] SystemI::createSoundInternal             : exinfo->userseek           = 0x14fa06128
[LOG] SystemI::createSoundInternal             : exinfo->fileuserdata       = 0x150fdad38
[LOG] SystemI::createSoundInternal             : exinfo->initialseekpostype = 1
[LOG] SystemI::DSPCodecPoolRegister            : register codec pool for pool type 5
[LOG] SystemI::createSoundInternal             : Sample 0/1: name='Ambition - Betrayal Tension - MIP1 - 1L', format=2, channels=2, frequency=48000, lengthbytes=38272, lengthpcm=185806, pcmblocksize=0, loopstart=0, loopend=0, mode=0x00000000, channelmask=0x00000000, channelorder=0, peakvolume=0.210459.
[LOG] SystemI::createSoundInternal             : Create name='', mode=0x02000202
[LOG] SystemI::createSoundInternal             : exinfo->cbsize             = 232
[LOG] SystemI::createSoundInternal             : exinfo->length             = 30478912
[LOG] SystemI::createSoundInternal             : exinfo->fileoffset         = 64128
[LOG] SystemI::createSoundInternal             : exinfo->numsubsounds       = 1
[LOG] SystemI::createSoundInternal             : exinfo->inclusionlist      = 0x70000bbf37bc
[LOG] SystemI::createSoundInternal             : exinfo->inclusionlistnum   = 1
[LOG] SystemI::createSoundInternal             : exinfo->suggestedsoundtype = 5
[LOG] SystemI::createSoundInternal             : exinfo->useropen           = 0x14fa05f9f
[LOG] SystemI::createSoundInternal             : exinfo->userclose          = 0x14fa0605b
[LOG] SystemI::createSoundInternal             : exinfo->userread           = 0x14fa0608b
[LOG] SystemI::createSoundInternal             : exinfo->userseek           = 0x14fa06128
[LOG] SystemI::createSoundInternal             : exinfo->fileuserdata       = 0x150fdad38
[LOG] SystemI::createSoundInternal             : exinfo->initialseekpostype = 1
[LOG] SystemI::DSPCodecPoolRegister            : register codec pool for pool type 5
[LOG] SystemI::createSoundInternal             : Sample 0/1: name='Ambition - Crown - Party Map - MIP2 - Intro', format=2, channels=2, frequency=48000, lengthbytes=83712, lengthpcm=308568, pcmblocksize=0, loopstart=0, loopend=0, mode=0x00000000, channelmask=0x00000000, channelorder=0, peakvolume=0.542682.
[LOG] SystemI::createSoundInternal             : Create name='', mode=0x02000202
[LOG] SystemI::createSoundInternal             : exinfo->cbsize             = 232
[LOG] SystemI::createSoundInternal             : exinfo->length             = 30478912
[LOG] SystemI::createSoundInternal             : exinfo->fileoffset         = 64128
[LOG] SystemI::createSoundInternal             : exinfo->numsubsounds       = 1
[LOG] SystemI::createSoundInternal             : exinfo->inclusionlist      = 0x70000bbf37bc
[LOG] SystemI::createSoundInternal             : exinfo->inclusionlistnum   = 1
[LOG] SystemI::createSoundInternal             : exinfo->suggestedsoundtype = 5
[LOG] SystemI::createSoundInternal             : exinfo->useropen           = 0x14fa05f9f
[LOG] SystemI::createSoundInternal             : exinfo->userclose          = 0x14fa0605b
[LOG] SystemI::createSoundInternal             : exinfo->userread           = 0x14fa0608b
[LOG] SystemI::createSoundInternal             : exinfo->userseek           = 0x14fa06128
[LOG] SystemI::createSoundInternal             : exinfo->fileuserdata       = 0x150fdad38
[LOG] SystemI::createSoundInternal             : exinfo->initialseekpostype = 1
[LOG] SystemI::DSPCodecPoolRegister            : register codec pool for pool type 5
[LOG] SystemI::createSoundInternal             : Sample 0/1: name='Ambition - Revolutionary - Conversation A - Rev2 - MIP2 - Intro', format=2, channels=2, frequency=48000, lengthbytes=76864, lengthpcm=271698, pcmblocksize=0, loopstart=0, loopend=0, mode=0x00000000, channelmask=0x00000000, channelorder=0, peakvolume=0.436381.
[LOG] SystemI::createSoundInternal             : Create name='', mode=0x02000202
[LOG] SystemI::createSoundInternal             : exinfo->cbsize             = 232
[LOG] SystemI::createSoundInternal             : exinfo->length             = 30478912
[LOG] SystemI::createSoundInternal             : exinfo->fileoffset         = 64128
[LOG] SystemI::createSoundInternal             : exinfo->numsubsounds       = 1
[LOG] SystemI::createSoundInternal             : exinfo->inclusionlist      = 0x70000bbf37bc
[LOG] SystemI::createSoundInternal             : exinfo->inclusionlistnum   = 1
[LOG] SystemI::createSoundInternal             : exinfo->suggestedsoundtype = 5
[LOG] SystemI::createSoundInternal             : exinfo->useropen           = 0x14fa05f9f
[LOG] SystemI::createSoundInternal             : exinfo->userclose          = 0x14fa0605b
[LOG] SystemI::createSoundInternal             : exinfo->userread           = 0x14fa0608b
[LOG] SystemI::createSoundInternal             : exinfo->userseek           = 0x14fa06128
[LOG] SystemI::createSoundInternal             : exinfo->fileuserdata       = 0x150fdad38
[LOG] SystemI::createSoundInternal             : exinfo->initialseekpostype = 1
[LOG] SystemI::DSPCodecPoolRegister            : register codec pool for pool type 5
[LOG] SystemI::createSoundInternal             : Sample 0/1: name='Ambition - Betrayal Tension - MIP1 - 2L', format=2, channels=2, frequency=48000, lengthbytes=36352, lengthpcm=232258, pcmblocksize=0, loopstart=0, loopend=0, mode=0x00000000, channelmask=0x00000000, channelorder=0, peakvolume=0.268087.
[LOG] SystemI::createSoundInternal             : Create name='', mode=0x02000202
[LOG] SystemI::createSoundInternal             : exinfo->cbsize             = 232
[LOG] SystemI::createSoundInternal             : exinfo->length             = 30478912
[LOG] SystemI::createSoundInternal             : exinfo->fileoffset         = 64128
[LOG] SystemI::createSoundInternal             : exinfo->numsubsounds       = 1
[LOG] SystemI::createSoundInternal             : exinfo->inclusionlist      = 0x70000bbf37bc
[LOG] SystemI::createSoundInternal             : exinfo->inclusionlistnum   = 1
[LOG] SystemI::createSoundInternal             : exinfo->suggestedsoundtype = 5
[LOG] SystemI::createSoundInternal             : exinfo->useropen           = 0x14fa05f9f
[LOG] SystemI::createSoundInternal             : exinfo->userclose          = 0x14fa0605b
[LOG] SystemI::createSoundInternal             : exinfo->userread           = 0x14fa0608b
[LOG] SystemI::createSoundInternal             : exinfo->userseek           = 0x14fa06128
[LOG] SystemI::createSoundInternal             : exinfo->fileuserdata       = 0x150fdad38
[LOG] SystemI::createSoundInternal             : exinfo->initialseekpostype = 1
[LOG] SystemI::DSPCodecPoolRegister            : register codec pool for pool type 5
[LOG] SystemI::createSoundInternal             : Sample 0/1: name='Ambition - The Orphan's Feast - Conversation - Intro', format=2, channels=2, frequency=48000, lengthbytes=44192, lengthpcm=175605, pcmblocksize=0, loopstart=0, loopend=0, mode=0x00000000, channelmask=0x00000000, channelorder=0, peakvolume=0.638057.
[LOG] SystemI::createSound                     : filename = Assets/Audio/build/MUS_Gameplay.bank : mode 02010082
[LOG] SystemI::createSound                     : FMOD_NONBLOCKING specified.  Putting into queue to be opened asynchronously!
[LOG] Thread::initThread                       : Init FMOD nonblocking thread (0). Priority: 1, Stack Size: 81920, Semaphore: Yes, Sleep Time: 0, Looping: Yes.
[LOG] SystemI::createSound                     : setdata soundi = 0x13a5f41a8 : node = 0x13a5f4360
[LOG] SystemI::createSound                     : add node to async list : head = 0x13a5f45d8.  list count = 0
[LOG] AsyncThread::threadFunc                  : Starting Asynchronous operation on sound 0x13a5f41a8
[LOG] SystemI::createSoundInternal             :     Create name='Assets/Audio/build/MUS_Gameplay.bank', mode=0x02010082
[LOG] SystemI::createSoundInternal             :     exinfo->cbsize             = 232
[LOG] SystemI::createSoundInternal             :     exinfo->length             = 30478912
[LOG] SystemI::createSoundInternal             :     exinfo->fileoffset         = 64128
[LOG] SystemI::createSoundInternal             :     exinfo->numsubsounds       = 1
[LOG] SystemI::createSoundInternal             :     exinfo->inclusionlist      = 0x13a5f4478
[LOG] SystemI::createSoundInternal             :     exinfo->inclusionlistnum   = 1
[LOG] SystemI::createSoundInternal             :     exinfo->suggestedsoundtype = 5
[LOG] SystemI::createSoundInternal             :     exinfo->initialseekpostype = 1
[LOG] SystemI::createSoundInternal             :     Stream 0/1: name='Ambition - Main Theme - Final - Rev2', format=2, channels=2, frequency=48000, lengthbytes=3387392, lengthpcm=11790730, pcmblocksize=0, loopstart=0, loopend=0, mode=0x00000000, channelmask=0x00000000, channelorder=0, peakvolume=0.898503.
[LOG] Thread::initThread                       :     Init FMOD file thread. Priority: 1, Stack Size: 16384, Semaphore: No, Sleep Time: 10, Looping: Yes.
[LOG] AsyncThread::threadFunc                  : Finished Asynchronous operation on sound 0x13a5f41a8
[LOG] SoundI::getSubSound                      : sound 0x13a5f41a8.  Subsound index 0 / 1
[LOG] SystemI::createSoundInternal             : Create name='', mode=0x02000202
[LOG] SystemI::createSoundInternal             : exinfo->cbsize             = 232
[LOG] SystemI::createSoundInternal             : exinfo->length             = 337184
[LOG] SystemI::createSoundInternal             : exinfo->fileoffset         = 28928
[LOG] SystemI::createSoundInternal             : exinfo->numsubsounds       = 1
[LOG] SystemI::createSoundInternal             : exinfo->inclusionlist      = 0x70000bbf37bc
[LOG] SystemI::createSoundInternal             : exinfo->inclusionlistnum   = 1
[LOG] SystemI::createSoundInternal             : exinfo->suggestedsoundtype = 5
[LOG] SystemI::createSoundInternal             : exinfo->useropen           = 0x14fa05f9f
[LOG] SystemI::createSoundInternal             : exinfo->userclose          = 0x14fa0605b
[LOG] SystemI::createSoundInternal             : exinfo->userread           = 0x14fa0608b
[LOG] SystemI::createSoundInternal             : exinfo->userseek           = 0x14fa06128
[LOG] SystemI::createSoundInternal             : exinfo->fileuserdata       = 0x11d405338
[LOG] SystemI::createSoundInternal             : exinfo->initialseekpostype = 1
[LOG] SystemI::DSPCodecPoolRegister            : register codec pool for pool type 5
[LOG] SystemI::createSoundInternal             : Sample 0/1: name='mouse_hoverv2_mono', format=2, channels=1, frequency=48000, lengthbytes=4640, lengthpcm=24000, pcmblocksize=0, loopstart=0, loopend=0, mode=0x00000000, channelmask=0x00000000, channelorder=0, peakvolume=0.199799.
[LOG] SystemI::createSoundInternal             : Create name='', mode=0x02000202
[LOG] SystemI::createSoundInternal             : exinfo->cbsize             = 232
[LOG] SystemI::createSoundInternal             : exinfo->length             = 337184
[LOG] SystemI::createSoundInternal             : exinfo->fileoffset         = 28928
[LOG] SystemI::createSoundInternal             : exinfo->numsubsounds       = 1
[LOG] SystemI::createSoundInternal             : exinfo->inclusionlist      = 0x70000bbf37bc
[LOG] SystemI::createSoundInternal             : exinfo->inclusionlistnum   = 1
[LOG] SystemI::createSoundInternal             : exinfo->suggestedsoundtype = 5
[LOG] SystemI::createSoundInternal             : exinfo->useropen           = 0x14fa05f9f
[LOG] SystemI::createSoundInternal             : exinfo->userclose          = 0x14fa0605b
[LOG] SystemI::createSoundInternal             : exinfo->userread           = 0x14fa0608b
[LOG] SystemI::createSoundInternal             : exinfo->userseek           = 0x14fa06128
[LOG] SystemI::createSoundInternal             : exinfo->fileuserdata       = 0x12090d628
[LOG] SystemI::createSoundInternal             : exinfo->initialseekpostype = 1
[LOG] SystemI::DSPCodecPoolRegister            : register codec pool for pool type 5
[LOG] SystemI::createSoundInternal             : Sample 0/1: name='mouse_clickv2_mono', format=2, channels=1, frequency=48000, lengthbytes=4256, lengthpcm=24000, pcmblocksize=0, loopstart=0, loopend=0, mode=0x00000000, channelmask=0x00000000, channelorder=0, peakvolume=0.273438.
[LOG] SystemI::createSound                     : filename = Assets/Audio/build/SFX_Ambient.bank : mode 02010082
[LOG] SystemI::createSound                     : FMOD_NONBLOCKING specified.  Putting into queue to be opened asynchronously!
[LOG] SystemI::createSound                     : setdata soundi = 0x1510c6828 : node = 0x1510c9800
[LOG] SystemI::createSound                     : add node to async list : head = 0x13a5f45d8.  list count = 0
[LOG] AsyncThread::threadFunc                  : Starting Asynchronous operation on sound 0x1510c6828
[LOG] SystemI::createSoundInternal             :     Create name='Assets/Audio/build/SFX_Ambient.bank', mode=0x02010082
[LOG] SystemI::createSoundInternal             :     exinfo->cbsize             = 232
[LOG] SystemI::createSoundInternal             :     exinfo->length             = 9331296
[LOG] SystemI::createSoundInternal             :     exinfo->fileoffset         = 13568
[LOG] SystemI::createSoundInternal             :     exinfo->numsubsounds       = 1
[LOG] SystemI::createSoundInternal             :     exinfo->inclusionlist      = 0x1510c9918
[LOG] SystemI::createSoundInternal             :     exinfo->inclusionlistnum   = 1
[LOG] SystemI::createSoundInternal             :     exinfo->suggestedsoundtype = 5
[LOG] SystemI::createSoundInternal             :     exinfo->initialseekpostype = 1
[LOG] SystemI::createSoundInternal             :     Stream 0/1: name='Amb_carriagev2', format=2, channels=2, frequency=48000, lengthbytes=655744, lengthpcm=3216000, pcmblocksize=0, loopstart=0, loopend=0, mode=0x00000000, channelmask=0x00000000, channelorder=0, peakvolume=0.615540.
[LOG] AsyncThread::threadFunc                  : Finished Asynchronous operation on sound 0x1510c6828
[LOG] SoundI::getSubSound                      : sound 0x1510c6828.  Subsound index 0 / 1
[LOG] SoundI::release                          : Amb_carriagev2 (0x1510c6828)
[LOG] SoundI::release                          :     Amb_carriagev2 (0x150f592c8)
[LOG] SoundI::release                          :     Amb_carriagev2 (0x150ff9668)
[LOG] SoundI::release                          : Ambition - Main Theme - Final - Rev2 (0x13a5f41a8)
[LOG] SoundI::release                          :     Ambition - Main Theme - Final - Rev2 (0x150fd92f8)
[LOG] SoundI::release                          :     Ambition - Main Theme - Final - Rev2 (0x150fdad38)
[LOG] SystemI::createSound                     : filename = Assets/Audio/build/SFX_Ambient.bank : mode 02010082
[LOG] SystemI::createSound                     : FMOD_NONBLOCKING specified.  Putting into queue to be opened asynchronously!
[LOG] SystemI::createSound                     : setdata soundi = 0x13a5e4c48 : node = 0x13a5d7dc0
[LOG] SystemI::createSound                     : add node to async list : head = 0x13a5f45d8.  list count = 0
[LOG] AsyncThread::threadFunc                  : Starting Asynchronous operation on sound 0x13a5e4c48
[LOG] SystemI::createSoundInternal             :     Create name='Assets/Audio/build/SFX_Ambient.bank', mode=0x02010082
[LOG] SystemI::createSoundInternal             :     exinfo->cbsize             = 232
[LOG] SystemI::createSoundInternal             :     exinfo->length             = 9331296
[LOG] SystemI::createSoundInternal             :     exinfo->fileoffset         = 13568
[LOG] SystemI::createSoundInternal             :     exinfo->numsubsounds       = 1
[LOG] SystemI::createSoundInternal             :     exinfo->inclusionlist      = 0x13a5d7ed8
[LOG] SystemI::createSoundInternal             :     exinfo->inclusionlistnum   = 1
[LOG] SystemI::createSoundInternal             :     exinfo->suggestedsoundtype = 5
[LOG] SystemI::createSoundInternal             :     exinfo->initialseekpostype = 1
[LOG] SystemI::createSoundInternal             :     Stream 0/1: name='Amb_ParisStreets_outside', format=2, channels=1, frequency=48000, lengthbytes=953312, lengthpcm=5450653, pcmblocksize=0, loopstart=0, loopend=0, mode=0x00000000, channelmask=0x00000000, channelorder=0, peakvolume=0.891265.
[LOG] AsyncThread::threadFunc                  : Finished Asynchronous operation on sound 0x13a5e4c48
[LOG] SoundI::getSubSound                      : sound 0x13a5e4c48.  Subsound index 0 / 1
[LOG] SystemI::createSound                     : filename = Assets/Audio/build/SFX_Ambient.bank : mode 02010082
[LOG] SystemI::createSound                     : FMOD_NONBLOCKING specified.  Putting into queue to be opened asynchronously!
[LOG] SystemI::createSound                     : setdata soundi = 0x11e704b98 : node = 0x11e704d50
[LOG] SystemI::createSound                     : add node to async list : head = 0x13a5f45d8.  list count = 0
[LOG] AsyncThread::threadFunc                  : Starting Asynchronous operation on sound 0x11e704b98
[LOG] SystemI::createSoundInternal             :     Create name='Assets/Audio/build/SFX_Ambient.bank', mode=0x02010082
[LOG] SystemI::createSoundInternal             :     exinfo->cbsize             = 232
[LOG] SystemI::createSoundInternal             :     exinfo->length             = 9331296
[LOG] SystemI::createSoundInternal             :     exinfo->fileoffset         = 13568
[LOG] SystemI::createSoundInternal             :     exinfo->numsubsounds       = 1
[LOG] SystemI::createSoundInternal             :     exinfo->inclusionlist      = 0x11e704e68
[LOG] SystemI::createSoundInternal             :     exinfo->inclusionlistnum   = 1
[LOG] SystemI::createSoundInternal             :     exinfo->suggestedsoundtype = 5
[LOG] SystemI::createSoundInternal             :     exinfo->initialseekpostype = 1
[LOG] SystemI::createSoundInternal             :     Stream 0/1: name='amb_SmallParty_indoor', format=2, channels=1, frequency=48000, lengthbytes=958304, lengthpcm=5760000, pcmblocksize=0, loopstart=0, loopend=0, mode=0x00000000, channelmask=0x00000000, channelorder=0, peakvolume=0.219130.
[LOG] AsyncThread::threadFunc                  : Finished Asynchronous operation on sound 0x11e704b98
[LOG] SoundI::getSubSound                      : sound 0x11e704b98.  Subsound index 0 / 1
[LOG] SoundI::release                          : Amb_ParisStreets_outside (0x13a5e4c48)
[LOG] SoundI::release                          :     Amb_ParisStreets_outside (0x15150d408)
[LOG] SoundI::release                          :     Amb_ParisStreets_outside (0x15150d598)
[LOG] SystemI::createSound                     : filename = Assets/Audio/build/MUS_Gameplay.bank : mode 02010082
[LOG] SystemI::createSound                     : FMOD_NONBLOCKING specified.  Putting into queue to be opened asynchronously!
[LOG] SystemI::createSound                     : setdata soundi = 0x15100b788 : node = 0x127cec1a0
[LOG] SystemI::createSound                     : add node to async list : head = 0x13a5f45d8.  list count = 0
[LOG] AsyncThread::threadFunc                  : Starting Asynchronous operation on sound 0x15100b788
[LOG] SystemI::createSoundInternal             :     Create name='Assets/Audio/build/MUS_Gameplay.bank', mode=0x02010082
[LOG] SystemI::createSoundInternal             :     exinfo->cbsize             = 232
[LOG] SystemI::createSoundInternal             :     exinfo->length             = 30478912
[LOG] SystemI::createSoundInternal             :     exinfo->fileoffset         = 64128
[LOG] SystemI::createSoundInternal             :     exinfo->numsubsounds       = 1
[LOG] SystemI::createSoundInternal             :     exinfo->inclusionlist      = 0x127cec2b8
[LOG] SystemI::createSoundInternal             :     exinfo->inclusionlistnum   = 1
[LOG] SystemI::createSoundInternal             :     exinfo->suggestedsoundtype = 5
[LOG] SystemI::createSoundInternal             :     exinfo->initialseekpostype = 1
[LOG] SystemI::createSoundInternal             :     Stream 0/1: name='Ambition - Prologue Opening - MIP1 - 110bpm - Loop', format=2, channels=2, frequency=48000, lengthbytes=980832, lengthpcm=3455896, pcmblocksize=0, loopstart=0, loopend=0, mode=0x00000000, channelmask=0x00000000, channelorder=0, peakvolume=0.720960.
[LOG] AsyncThread::threadFunc                  : Finished Asynchronous operation on sound 0x15100b788
[LOG] SoundI::getSubSound                      : sound 0x15100b788.  Subsound index 0 / 1
[LOG] SystemI::createSound                     : filename = Assets/Audio/build/SFX_Ambient.bank : mode 02010082
[LOG] SystemI::createSound                     : FMOD_NONBLOCKING specified.  Putting into queue to be opened asynchronously!
[LOG] SystemI::createSound                     : setdata soundi = 0x13a550df8 : node = 0x13a550fb0
[LOG] SystemI::createSound                     : add node to async list : head = 0x13a5f45d8.  list count = 0
[LOG] AsyncThread::threadFunc                  : Starting Asynchronous operation on sound 0x13a550df8
[LOG] SystemI::createSoundInternal             :     Create name='Assets/Audio/build/SFX_Ambient.bank', mode=0x02010082
[LOG] SystemI::createSoundInternal             :     exinfo->cbsize             = 232
[LOG] SystemI::createSoundInternal             :     exinfo->length             = 9331296
[LOG] SystemI::createSoundInternal             :     exinfo->fileoffset         = 13568
[LOG] SystemI::createSoundInternal             :     exinfo->numsubsounds       = 1
[LOG] SystemI::createSoundInternal             :     exinfo->inclusionlist      = 0x13a5510c8
[LOG] SystemI::createSoundInternal             :     exinfo->inclusionlistnum   = 1
[LOG] SystemI::createSoundInternal             :     exinfo->suggestedsoundtype = 5
[LOG] SystemI::createSoundInternal             :     exinfo->initialseekpostype = 1
[LOG] SystemI::createSoundInternal             :     Stream 0/1: name='amb_MediumParty_indoor', format=2, channels=1, frequency=48000, lengthbytes=976224, lengthpcm=5787584, pcmblocksize=0, loopstart=0, loopend=0, mode=0x00000000, channelmask=0x00000000, channelorder=0, peakvolume=0.310072.
[LOG] AsyncThread::threadFunc                  : Finished Asynchronous operation on sound 0x13a550df8
[LOG] SoundI::getSubSound                      : sound 0x13a550df8.  Subsound index 0 / 1
[LOG] SoundI::release                          : amb_SmallParty_indoor (0x11e704b98)
[LOG] SoundI::release                          :     amb_SmallParty_indoor (0x11ad00608)
[LOG] SoundI::release                          :     amb_SmallParty_indoor (0x1510c6d68)
[LOG] SystemI::createSound                     : filename = Assets/Audio/build/MUS_Gameplay.bank : mode 02010082
[LOG] SystemI::createSound                     : FMOD_NONBLOCKING specified.  Putting into queue to be opened asynchronously!
[LOG] SystemI::createSound                     : setdata soundi = 0x13a557fa8 : node = 0x10fa0e470
[LOG] SystemI::createSound                     : add node to async list : head = 0x13a5f45d8.  list count = 0
[LOG] AsyncThread::threadFunc                  : Starting Asynchronous operation on sound 0x13a557fa8
[LOG] SystemI::createSoundInternal             :     Create name='Assets/Audio/build/MUS_Gameplay.bank', mode=0x02010082
[LOG] SystemI::createSoundInternal             :     exinfo->cbsize             = 232
[LOG] SystemI::createSoundInternal             :     exinfo->length             = 30478912
[LOG] SystemI::createSoundInternal             :     exinfo->fileoffset         = 64128
[LOG] SystemI::createSoundInternal             :     exinfo->numsubsounds       = 1
[LOG] SystemI::createSoundInternal             :     exinfo->inclusionlist      = 0x10fa0e588
[LOG] SystemI::createSoundInternal             :     exinfo->inclusionlistnum   = 1
[LOG] SystemI::createSoundInternal             :     exinfo->suggestedsoundtype = 5
[LOG] SystemI::createSoundInternal             :     exinfo->initialseekpostype = 1
[LOG] SystemI::createSoundInternal             :     Stream 0/1: name='Ambition - Bourgeoisie - Party Map - MIP1 - Loop', format=2, channels=2, frequency=48000, lengthbytes=1339552, lengthpcm=4720000, pcmblocksize=0, loopstart=0, loopend=0, mode=0x00000000, channelmask=0x00000000, channelorder=0, peakvolume=0.354854.
[LOG] AsyncThread::threadFunc                  : Finished Asynchronous operation on sound 0x13a557fa8
[LOG] SoundI::getSubSound                      : sound 0x13a557fa8.  Subsound index 0 / 1
[LOG] SoundI::release                          : Ambition - Bourgeoisie - Party Map - MIP1 - Loop (0x13a557fa8)
[LOG] SoundI::release                          :     Ambition - Bourgeoisie - Party Map - MIP1 - Loop (0x156300898)
[LOG] SoundI::release                          :     Ambition - Bourgeoisie - Party Map - MIP1 - Loop (0x156301238)
[LOG] SoundI::release                          : Ambition - Prologue Opening - MIP1 - 110bpm - Loop (0x15100b788)
[LOG] SoundI::release                          :     Ambition - Prologue Opening - MIP1 - 110bpm - Loop (0x15150d198)
[LOG] SoundI::release                          :     Ambition - Prologue Opening - MIP1 - 110bpm - Loop (0x15150d328)
[LOG] SoundI::release                          : amb_MediumParty_indoor (0x13a550df8)
[LOG] SoundI::release                          :     amb_MediumParty_indoor (0x150ff9fc8)
[LOG] SoundI::release                          :     amb_MediumParty_indoor (0x150ffa158)
[LOG] SoundI::release                          :  (0x13a60b358)
[LOG] SoundI::release                          :     mouse_clickv2_mono (0x10f8e47c8)
[LOG] SoundI::release                          :  (0x150f0d168)
[LOG] SoundI::release                          :     mouse_hoverv2_mono (0x150f35af8)
[LOG] SoundI::release                          :  (0x1291987f8)
[LOG] SoundI::release                          :     Ambition - Betrayal Tension - MIP1 - 2 (0x15153e8d8)
[LOG] SoundI::release                          :  (0x151544418)
[LOG] SoundI::release                          :     Ambition - Betrayal Tension - MIP1 - 4L (0x151542c68)
[LOG] SoundI::release                          :  (0x15160a988)
[LOG] SoundI::release                          :     Ambition - Betrayal Tension - MIP1 - 3L (0x15160aaf8)
[LOG] SoundI::release                          :  (0x150fde6e8)
[LOG] SoundI::release                          :     Ambition - Betrayal Tension - MIP1 - 3 (0x150fde858)
[LOG] SoundI::release                          :  (0x150fdee18)
[LOG] SoundI::release                          :     Ambition - Betrayal Tension - MIP1 - 2L (0x150fdef88)
[LOG] SoundI::release                          :  (0x15153ee98)
[LOG] SoundI::release                          :     Ambition - Betrayal Tension - MIP1 - 4 (0x129118088)
[LOG] SoundI::release                          :  (0x150fdd068)
[LOG] SoundI::release                          :     Ambition - Betrayal Tension - MIP1 - 5 (0x150fdd1d8)
[LOG] SoundI::release                          :  (0x15160b568)
[LOG] SoundI::release                          :     Ambition - Betrayal Tension - MIP1 - 1L (0x15160b6d8)
[LOG] SoundI::release                          :  (0x150fda6e8)
[LOG] SoundI::release                          :     Ambition - Betrayal Tension - MIP1 - 1 (0x150fdb428)
[LOG] SoundI::release                          :  (0x151609308)
[LOG] SoundI::release                          :     Ambition - Betrayal Tension - MIP1 - 5L (0x151609478)
[LOG] SoundI::release                          :  (0x150fdd798)
[LOG] SoundI::release                          :     Ambition - Bourgeoisie - Party Map - MIP1 - Intro (0x150fdd908)
[LOG] SoundI::release                          :  (0x151608e58)
[LOG] SoundI::release                          :     Ambition - The Orphan's Feast - Party Map - 76bpm - Intro (0x151608fc8)
[LOG] SoundI::release                          :  (0x150fdcbb8)
[LOG] SoundI::release                          :     Ambition - Revolutionary - MIP1 - Party Map - Intro (0x150fdcd28)
[LOG] SoundI::release                          :  (0x150fdf548)
[LOG] SoundI::release                          :     Ambition - The Orphan's Feast - Conversation - Intro (0x150fdf6b8)
[LOG] SoundI::release                          :  (0x151609a38)
[LOG] SoundI::release                          :     Ambition - Church - Party Map - MIP2 - Intro (0x151609ba8)
[LOG] SoundI::release                          :  (0x151609ee8)
[LOG] SoundI::release                          :     Ambition - Paris Streets - Prologue - Intro (0x15160a058)
[LOG] SoundI::release                          :  (0x15160c148)
[LOG] SoundI::release                          :     Ambition - Revolutionary - Conversation A - Rev2 - MIP2 - Intro (0x15160c2b8)
[LOG] SoundI::release                          :  (0x150fde238)
[LOG] SoundI::release                          :     Ambition - Prologue Opening - MIP1 - 110bpm - Intro (0x150fde3a8)
[LOG] SoundI::release                          :  (0x150fdc5c8)
[LOG] SoundI::release                          :     Ambition - Church - Conversation A - MIP2 - Intro (0x150fdc738)
[LOG] SoundI::release                          :  (0x15160b0b8)
[LOG] SoundI::release                          :     Ambition - Revolutionary - Conversation B - Rev1 - MIP2 - Intro (0x15160b228)
[LOG] SoundI::release                          :  (0x150fdbfd8)
[LOG] SoundI::release                          :     Ambition - Revolutionary - Conversation B - Rev1 - MIP2 - END - WIN (0x150fdc148)
[LOG] SoundI::release                          :  (0x15160a398)
[LOG] SoundI::release                          :     Ambition - Revolutionary - Conversation B - Rev1 - MIP2 - END - LOSE (0x15160a508)
[LOG] SoundI::release                          :  (0x15160bc98)
[LOG] SoundI::release                          :     Ambition - Crown - Party Map - MIP2 - Intro (0x15160be08)
[LOG] SoundI::release                          :  (0x150fddc48)
[LOG] SoundI::release                          :     Ambition - Bourgeoisie - Conversation A - MIP3 - Intro (0x150fdddb8)
[LOG] SoundI::release                          :  (0x150fdb9e8)
[LOG] SoundI::release                          :     Ambition - Bourgeoisie - Conversation A - MIP3 - END - WIN (0x150fdbb58)
[LOG] Thread::callback                         : FMOD Studio update thread finished.
[LOG] Thread::callback                         : FMOD Studio bank load thread finished.
[LOG] Profile::disconnectAll                   : Profiler disconnecting all clients
[LOG] Thread::callback                         : FMOD Studio sample load thread finished.
[LOG] LiveUpdate::release                      : 
[LOG] LiveUpdate::reset                        : Reset connection (reason Disconnected)
[LOG] Thread::callback                         : FMOD stream thread finished.
[LOG] Thread::callback                         : FMOD mixer thread finished.
[LOG] Profile::disconnectAll                   : Profiler disconnecting all clients
[LOG] Thread::callback                         : FMOD nonblocking thread (0) finished.
[LOG] Thread::callback                         : FMOD file thread finished.
[LOG] SystemI::close                           : Closed.
